0 info it worked if it ends with ok
1 verbose cli [ 'C:\\Program Files\\nodejs\\node.exe',
1 verbose cli   'C:\\Users\\Manzar\\AppData\\Roaming\\npm\\node_modules\\npm\\bin\\npm-cli.js',
1 verbose cli   'run',
1 verbose cli   'webpack' ]
2 info using npm@4.0.5
3 info using node@v4.4.7
4 verbose run-script [ 'prewebpack', 'webpack', 'postwebpack' ]
5 info lifecycle react-help@1.0.0~prewebpack: react-help@1.0.0
6 silly lifecycle react-help@1.0.0~prewebpack: no script for prewebpack, continuing
7 info lifecycle react-help@1.0.0~webpack: react-help@1.0.0
8 verbose lifecycle react-help@1.0.0~webpack: unsafe-perm in lifecycle true
9 verbose lifecycle react-help@1.0.0~webpack: PATH: C:\Users\Manzar\AppData\Roaming\npm\node_modules\npm\bin\node-gyp-bin;D:\tutorial react\node_modules\.bin;C:\ProgramData\Oracle\Java\javapath;C:\Program Files\Microsoft\Web Platform Installer\;C:\Program Files (x86)\Microsoft ASP.NET\ASP.NET Web Pages\v1.0\;C:\Program Files (x86)\Windows Kits\8.0\Windows Performance Toolkit\;C:\Program Files\Microsoft SQL Server\110\Tools\Binn\;C:\Program Files\Git\cmd;C:\Program Files (x86)\Microsoft SQL Server\100\Tools\Binn\;C:\Program Files\Microsoft SQL Server\100\Tools\Binn\;C:\Program Files\Microsoft SQL Server\100\DTS\Binn\;C:\Program Files (x86)\Microsoft SQL Server\100\Tools\Binn\VSShell\Common7\IDE\;C:\Program Files (x86)\Microsoft Visual Studio 9.0\Common7\IDE\PrivateAssemblies\;C:\Program Files (x86)\Microsoft SQL Server\100\DTS\Binn\;C:\Program Files\nodejs\;C:\Program Files (x86)\Skype\Phone\;;C:\Program Files (x86)\Microsoft VS Code\bin;C:\Users\Manzar\AppData\Roaming\npm
10 verbose lifecycle react-help@1.0.0~webpack: CWD: D:\tutorial react
11 silly lifecycle react-help@1.0.0~webpack: Args: [ '/d /s /c', 'webpack' ]
12 verbose stack Error: kill ENOSYS
12 verbose stack     at exports._errnoException (util.js:873:11)
12 verbose stack     at process.kill (node.js:777:15)
12 verbose stack     at process.listener (C:\Users\Manzar\AppData\Roaming\npm\node_modules\npm\node_modules\npmlog\node_modules\gauge\node_modules\signal-exit\index.js:86:15)
12 verbose stack     at emitNone (events.js:72:20)
12 verbose stack     at process.emit (events.js:166:7)
12 verbose stack     at processEmit (C:\Users\Manzar\AppData\Roaming\npm\node_modules\npm\node_modules\npmlog\node_modules\gauge\node_modules\signal-exit\index.js:146:32)
12 verbose stack     at processEmit (C:\Users\Manzar\AppData\Roaming\npm\node_modules\npm\node_modules\npm-registry-client\node_modules\npmlog\node_modules\gauge\node_modules\signal-exit\index.js:146:32)
12 verbose stack     at Signal.wrap.onsignal (node.js:804:46)
13 verbose cwd D:\tutorial react
14 error Windows_NT 6.1.7600
15 error argv "C:\\Program Files\\nodejs\\node.exe" "C:\\Users\\Manzar\\AppData\\Roaming\\npm\\node_modules\\npm\\bin\\npm-cli.js" "run" "webpack"
16 error node v4.4.7
17 error npm  v4.0.5
18 error code ENOSYS
19 error errno ENOSYS
20 error syscall kill
21 error kill ENOSYS
22 error If you need help, you may report this error at:
22 error     <https://github.com/npm/npm/issues>
23 verbose exit [ 1, true ]
